<?xml version="1.0" encoding="UTF-8"?>
<testsuite name="TCParallelFlow.java"
           tests="4"
           failures="0"
           errors="0"
           skipped="0"
           time="7.665">
    <properties></properties>



            <testcase
                name="testUpdateBooking"
                time="1.113"
                classname="com.amlankumar.tests.ExtentDemo.TCintegrationFlowExtent">
            </testcase>
            <testcase
                name="testCreateBooking"
                time="4.349"
                classname="com.amlankumar.tests.ExtentDemo.TCintegrationFlowExtent">
            </testcase>
            <testcase
                name="testVerifyBooking"
                time="1.119"
                classname="com.amlankumar.tests.ExtentDemo.TCintegrationFlowExtent">
            </testcase>
            <testcase
                name="testDeleteBooking"
                time="1.084"
                classname="com.amlankumar.tests.ExtentDemo.TCintegrationFlowExtent">
            </testcase>
</testsuite>
