<?xml version="1.0" encoding="UTF-8"?>
<testsuite name="TCParallelFlow.java"
           tests="4"
           failures="0"
           errors="0"
           skipped="0"
           time="8.744">
    <properties></properties>



            <testcase
                name="testCreateBooking"
                time="5.345"
                classname="com.amlankumar.tests.ExtentDemo.TCintegrationFlowExtent">
            </testcase>
            <testcase
                name="testDeleteBooking"
                time="1.151"
                classname="com.amlankumar.tests.ExtentDemo.TCintegrationFlowExtent">
            </testcase>
            <testcase
                name="testVerifyBooking"
                time="1.129"
                classname="com.amlankumar.tests.ExtentDemo.TCintegrationFlowExtent">
            </testcase>
            <testcase
                name="testUpdateBooking"
                time="1.119"
                classname="com.amlankumar.tests.ExtentDemo.TCintegrationFlowExtent">
            </testcase>
</testsuite>
