<?xml version="1.0" encoding="UTF-8"?>
<testsuite name="APIAutomationATB6x"
           tests="4"
           failures="0"
           errors="0"
           skipped="0"
           time="9.485">
    <properties></properties>



            <testcase
                name="testUpdateBooking"
                time="1.510"
                classname="com.amlankumar.tests.integration.TCintegrationFlow">
            </testcase>
            <testcase
                name="testCreateBooking"
                time="4.993"
                classname="com.amlankumar.tests.integration.TCintegrationFlow">
            </testcase>
            <testcase
                name="testVerifyBooking"
                time="1.521"
                classname="com.amlankumar.tests.integration.TCintegrationFlow">
            </testcase>
            <testcase
                name="testDeleteBooking"
                time="1.461"
                classname="com.amlankumar.tests.integration.TCintegrationFlow">
            </testcase>
</testsuite>
