<?xml version="1.0" encoding="UTF-8"?>
<testsuite name="C:/Users/amlan/IdeaProjects/APIAutomationATB6x/src/test/java/com/amlankumar/tests/crud/TestCreateBooking.java"
           tests="2"
           failures="0"
           errors="0"
           skipped="0"
           time="5.305">
    <properties></properties>



            <testcase
                name="CreateBooking"
                time="3.872"
                classname="com.amlankumar.tests.crud.TestCreateBooking">
            </testcase>
            <testcase
                name="CreateBookingNegative"
                time="1.433"
                classname="com.amlankumar.tests.crud.TestCreateBooking">
            </testcase>
</testsuite>
